2020-03-10 16:32:49,067 - root - INFO - Really getting driver for: http://www.techeblog.com/
2020-03-10 16:33:15,096 - root - INFO - Inner page title: NovaMeat Creates 3D-Printed Steak
2020-03-10 16:33:15,305 - root - INFO - Inner page title: Up-Close Look at Chris Brown’s Lamborghini Aventador SV Widebody
2020-03-10 16:33:15,320 - root - INFO - Inner page title: Unihertz Atom XL Just Might be the World’s Smallest Rugged 4G Smartphone, Here’s a First Look
2020-03-10 16:33:15,400 - root - INFO - Inner page title: Don’t Pay $352, Get DJI’s Osmo Pocket Handheld Camera + 32GB microSD Card for $279 Shipped – Today Only
2020-03-10 16:33:15,566 - root - INFO - Inner page title: Company Develops “Turn A Cushion”, a Gaming Pillow with a Built-in Smartphone Holder
2020-03-10 16:33:15,693 - root - INFO - Inner page title: 2021 Ford Bronco Appears in Leaked Images
2020-03-10 16:33:15,795 - root - INFO - Inner page title: Activision Previews Call of Duty: Warzone, a Free Cross-Platform Battle Royale Game
2020-03-10 16:33:16,621 - root - INFO - Inner page title: Hands-On with Mitsubishi’s Electric Bread Oven, the World’s Most Expensive Toaster
2020-03-10 16:33:16,713 - root - INFO - Inner page title: Motorola Revolve is a Smartphone with Two Swiveling OLED Displays
2020-03-10 16:33:17,233 - root - INFO - Inner page title: Bentley Mulliner Bacalar Grand Tourer Could be the Most Luxurious Roadster Yet
2020-03-10 16:33:25,178 - root - INFO - Really getting driver for: https://www.techeblog.com/turn-a-cushion-gaming/
2020-03-10 16:33:25,478 - root - INFO - Really getting driver for: https://www.techeblog.com/novameat-3d-printed-steak/
2020-03-10 16:33:25,478 - root - INFO - Really getting driver for: https://www.techeblog.com/chris-brown-lamborghini-aventador-sv-widebody/
2020-03-10 16:33:25,866 - root - INFO - Really getting driver for: https://www.techeblog.com/unihertz-atom-xl-4g-smartphone/
2020-03-10 16:33:26,168 - root - INFO - Really getting driver for: https://www.techeblog.com/dji-osmo-pocket-handheld-camera-review-deal/
2020-03-10 16:33:26,481 - root - INFO - Really getting driver for: https://www.techeblog.com/2021-ford-bronco/
2020-03-10 16:33:26,745 - root - INFO - Really getting driver for: https://www.techeblog.com/bentley-mulliner-bacalar-grand-tourer/
2020-03-10 16:33:26,758 - root - INFO - Really getting driver for: https://www.techeblog.com/motorola-revolve-smartphone/
2020-03-10 16:33:26,758 - root - INFO - Really getting driver for: https://www.techeblog.com/mitsubishi-electric-bread-oven-most-expensive-toaster/
2020-03-10 16:33:27,709 - root - INFO - Really getting driver for: https://www.techeblog.com/activision-call-of-duty-warzone/
2020-03-10 16:34:53,768 - root - INFO - Processing article: Don’t Pay $352, Get DJI’s Osmo Pocket Handheld Camera + 32GB microSD Card for $279 Shipped – Today Only
2020-03-10 16:34:54,709 - root - INFO - Processing article: Up-Close Look at Chris Brown’s Lamborghini Aventador SV Widebody
2020-03-10 16:34:55,149 - root - INFO - Processing article: Hands-On with Mitsubishi’s Electric Bread Oven, the World’s Most Expensive Toaster
2020-03-10 16:34:55,577 - root - INFO - Processing article: Activision Previews Call of Duty: Warzone, a Free Cross-Platform Battle Royale Game
2020-03-10 16:34:55,806 - root - INFO - Processing article: Bentley Mulliner Bacalar Grand Tourer Could be the Most Luxurious Roadster Yet
2020-03-10 16:34:55,875 - root - INFO - Processing article: Company Develops “Turn A Cushion”, a Gaming Pillow with a Built-in Smartphone Holder
2020-03-10 16:34:55,883 - root - INFO - Processing article: Motorola Revolve is a Smartphone with Two Swiveling OLED Displays
2020-03-10 16:34:56,024 - root - INFO - Processing article: NovaMeat Creates 3D-Printed Steak
2020-03-10 16:34:56,318 - root - INFO - Processing article: 2021 Ford Bronco Appears in Leaked Images
2020-03-10 16:36:31,125 - root - INFO - Processing article: Unihertz Atom XL Just Might be the World’s Smallest Rugged 4G Smartphone, Here’s a First Look
2020-03-10 16:36:31,127 - root - INFO - Time Taken SourceInnerArticles: 198.351717s
2020-03-10 16:36:31,476 - root - INFO - Time Taken General: 228.497404s
